\BOOKMARK [0][-]{Doc-Start}{Dedicatoria}{}% 1
\BOOKMARK [0][-]{Doc-Start}{Agradecimientos}{}% 2
\BOOKMARK [0][-]{Doc-Start}{Tabla de Contenidos}{}% 3
\BOOKMARK [0][-]{Doc-Start}{\357\277\275ndice de Figuras}{}% 4
\BOOKMARK [0][-]{Doc-Start}{\357\277\275ndice de Tablas}{}% 5
\BOOKMARK [0][-]{Doc-Start}{Resumen}{}% 6
\BOOKMARK [0][-]{chapter.1}{Introducci\363n}{}% 7
\BOOKMARK [1][-]{section.1.1}{Descripci\363n de la propuesta}{chapter.1}% 8
\BOOKMARK [2][-]{subsection.1.1.1}{Contexto del proyecto}{section.1.1}% 9
\BOOKMARK [2][-]{subsection.1.1.2}{Trabajo relacionado}{section.1.1}% 10
\BOOKMARK [2][-]{subsection.1.1.3}{Definici\363n del problema}{section.1.1}% 11
\BOOKMARK [2][-]{subsection.1.1.4}{Propuesta de soluci\363n}{section.1.1}% 12
\BOOKMARK [1][-]{section.1.2}{Hip\363tesis}{chapter.1}% 13
\BOOKMARK [1][-]{section.1.3}{Objetivos}{chapter.1}% 14
\BOOKMARK [1][-]{section.1.4}{Alcances}{chapter.1}% 15
\BOOKMARK [1][-]{section.1.5}{Metodolog\355a}{chapter.1}% 16
\BOOKMARK [1][-]{section.1.6}{Plan de trabajo}{chapter.1}% 17
\BOOKMARK [0][-]{chapter.2}{Marco te\363rico}{}% 18
\BOOKMARK [1][-]{section.2.1}{Programaci\363n del riego}{chapter.2}% 19
\BOOKMARK [2][-]{subsection.2.1.1}{Textura del suelo}{section.2.1}% 20
\BOOKMARK [1][-]{section.2.2}{Servicios web meteorol\363gicos}{chapter.2}% 21
\BOOKMARK [2][-]{subsection.2.2.1}{\277Qu\351 es un servicio web?}{section.2.2}% 22
\BOOKMARK [2][-]{subsection.2.2.2}{Wunderground}{section.2.2}% 23
\BOOKMARK [1][-]{section.2.3}{Trabajos relacionados}{chapter.2}% 24
\BOOKMARK [2][-]{subsection.2.3.1}{Cultivar}{section.2.3}% 25
\BOOKMARK [2][-]{subsection.2.3.2}{Rachio IRO}{section.2.3}% 26
\BOOKMARK [1][-]{section.2.4}{Hardware}{chapter.2}% 27
\BOOKMARK [2][-]{subsection.2.4.1}{Raspberry pi}{section.2.4}% 28
\BOOKMARK [2][-]{subsection.2.4.2}{Comunicaci\363n serial}{section.2.4}% 29
\BOOKMARK [2][-]{subsection.2.4.3}{Sensores de humedad}{section.2.4}% 30
\BOOKMARK [2][-]{subsection.2.4.4}{Sensor de flujo de agua}{section.2.4}% 31
\BOOKMARK [2][-]{subsection.2.4.5}{V\341lvula solenoide}{section.2.4}% 32
\BOOKMARK [2][-]{subsection.2.4.6}{GPS}{section.2.4}% 33
\BOOKMARK [2][-]{subsection.2.4.7}{M\363dem 3G}{section.2.4}% 34
\BOOKMARK [2][-]{subsection.2.4.8}{Cargador}{section.2.4}% 35
\BOOKMARK [2][-]{subsection.2.4.9}{Software}{section.2.4}% 36
\BOOKMARK [0][-]{chapter.3}{Definici\363n de la soluci\363n}{}% 37
\BOOKMARK [1][-]{section.3.1}{Funcionamiento del sistema}{chapter.3}% 38
\BOOKMARK [2][-]{subsection.3.1.1}{Entradas del sistema}{section.3.1}% 39
\BOOKMARK [2][-]{subsection.3.1.2}{Procesamiento de datos}{section.3.1}% 40
\BOOKMARK [2][-]{subsection.3.1.3}{Salidas del sistema}{section.3.1}% 41
\BOOKMARK [1][-]{section.3.2}{?}{chapter.3}% 42
\BOOKMARK [0][-]{section.3.2}{Glosario}{}% 43
\BOOKMARK [0][-]{chapter.1}{A: El Primer Anexo}{}% 44
\BOOKMARK [1][-]{section.1.1}{La primera secci\363n del primer anexo}{chapter.1}% 45
\BOOKMARK [1][-]{section.1.2}{La segunda secci\363n del primer anexo}{chapter.1}% 46
\BOOKMARK [2][-]{subsection.1.2.1}{La primera subsecci\363n de la segunda secci\363n del primer anexo}{section.1.2}% 47
\BOOKMARK [0][-]{chapter.2}{B: El segundo Anexo}{}% 48
\BOOKMARK [1][-]{section.2.1}{La primera secci\363n del segundo anexo}{chapter.2}% 49
